<?xml version="1.0" encoding="UTF-8"?>
<testsuite xmlns:xsi="http://www.w3.org/2001/XMLSchema-instance" xsi:noNamespaceSchemaLocation="https://maven.apache.org/surefire/maven-surefire-plugin/xsd/surefire-test-report.xsd" name="examples.dataSubject.DataSubjectRunner" time="1.953" tests="5" errors="0" skipped="0" failures="1">
  <properties>
    <property name="gopherProxySet" value="false"/>
    <property name="awt.toolkit" value="sun.lwawt.macosx.LWCToolkit"/>
    <property name="file.encoding.pkg" value="sun.io"/>
    <property name="java.specification.version" value="1.8"/>
    <property name="sun.cpu.isalist" value=""/>
    <property name="sun.jnu.encoding" value="UTF-8"/>
    <property name="java.class.path" value="/Users/ashishsharma/myTest/target/test-classes:/Users/ashishsharma/myTest/target/classes:/Users/ashishsharma/.m2/repository/com/intuit/karate/karate-apache/0.9.4/karate-apache-0.9.4.jar:/Users/ashishsharma/.m2/repository/com/intuit/karate/karate-core/0.9.4/karate-core-0.9.4.jar:/Users/ashishsharma/.m2/repository/com/jayway/jsonpath/json-path/2.1.0/json-path-2.1.0.jar:/Users/ashishsharma/.m2/repository/net/minidev/json-smart/2.2/json-smart-2.2.jar:/Users/ashishsharma/.m2/repository/net/minidev/accessors-smart/1.1/accessors-smart-1.1.jar:/Users/ashishsharma/.m2/repository/org/ow2/asm/asm/5.0.3/asm-5.0.3.jar:/Users/ashishsharma/.m2/repository/info/cukes/cucumber-java/1.2.5/cucumber-java-1.2.5.jar:/Users/ashishsharma/.m2/repository/info/cukes/cucumber-core/1.2.5/cucumber-core-1.2.5.jar:/Users/ashishsharma/.m2/repository/org/yaml/snakeyaml/1.24/snakeyaml-1.24.jar:/Users/ashishsharma/.m2/repository/de/siegmar/fastcsv/1.0.3/fastcsv-1.0.3.jar:/Users/ashishsharma/.m2/repository/info/picocli/picocli/3.0.1/picocli-3.0.1.jar:/Users/ashishsharma/.m2/repository/org/apache/httpcomponents/httpclient/4.5.5/httpclient-4.5.5.jar:/Users/ashishsharma/.m2/repository/org/apache/httpcomponents/httpcore/4.4.9/httpcore-4.4.9.jar:/Users/ashishsharma/.m2/repository/commons-codec/commons-codec/1.10/commons-codec-1.10.jar:/Users/ashishsharma/.m2/repository/org/apache/httpcomponents/httpmime/4.5.5/httpmime-4.5.5.jar:/Users/ashishsharma/.m2/repository/org/slf4j/jcl-over-slf4j/1.7.25/jcl-over-slf4j-1.7.25.jar:/Users/ashishsharma/.m2/repository/org/slf4j/slf4j-api/1.7.25/slf4j-api-1.7.25.jar:/Users/ashishsharma/.m2/repository/ch/qos/logback/logback-classic/1.2.3/logback-classic-1.2.3.jar:/Users/ashishsharma/.m2/repository/ch/qos/logback/logback-core/1.2.3/logback-core-1.2.3.jar:/Users/ashishsharma/.m2/repository/com/intuit/karate/karate-junit5/0.9.4/karate-junit5-0.9.4.jar:/Users/ashishsharma/.m2/repository/org/junit/jupiter/junit-jupiter-api/5.4.0/junit-jupiter-api-5.4.0.jar:/Users/ashishsharma/.m2/repository/org/opentest4j/opentest4j/1.1.1/opentest4j-1.1.1.jar:/Users/ashishsharma/.m2/repository/org/junit/platform/junit-platform-commons/1.4.0/junit-platform-commons-1.4.0.jar:/Users/ashishsharma/.m2/repository/org/junit/jupiter/junit-jupiter-engine/5.4.0/junit-jupiter-engine-5.4.0.jar:/Users/ashishsharma/.m2/repository/org/apiguardian/apiguardian-api/1.0.0/apiguardian-api-1.0.0.jar:/Users/ashishsharma/.m2/repository/org/junit/platform/junit-platform-engine/1.4.0/junit-platform-engine-1.4.0.jar:/Users/ashishsharma/.m2/repository/net/masterthought/cucumber-reporting/3.8.0/cucumber-reporting-3.8.0.jar:/Users/ashishsharma/.m2/repository/org/apache/logging/log4j/log4j-api/2.6/log4j-api-2.6.jar:/Users/ashishsharma/.m2/repository/org/apache/logging/log4j/log4j-core/2.6/log4j-core-2.6.jar:/Users/ashishsharma/.m2/repository/com/fasterxml/jackson/core/jackson-databind/2.8.5/jackson-databind-2.8.5.jar:/Users/ashishsharma/.m2/repository/com/fasterxml/jackson/core/jackson-annotations/2.8.0/jackson-annotations-2.8.0.jar:/Users/ashishsharma/.m2/repository/com/fasterxml/jackson/core/jackson-core/2.8.5/jackson-core-2.8.5.jar:/Users/ashishsharma/.m2/repository/org/apache/velocity/velocity/1.7/velocity-1.7.jar:/Users/ashishsharma/.m2/repository/commons-collections/commons-collections/3.2.1/commons-collections-3.2.1.jar:/Users/ashishsharma/.m2/repository/commons-lang/commons-lang/2.4/commons-lang-2.4.jar:/Users/ashishsharma/.m2/repository/velocity-tools/velocity-tools/1.4/velocity-tools-1.4.jar:/Users/ashishsharma/.m2/repository/joda-time/joda-time/2.9.6/joda-time-2.9.6.jar:/Users/ashishsharma/.m2/repository/org/apache/commons/commons-lang3/3.5/commons-lang3-3.5.jar:/Users/ashishsharma/.m2/repository/commons-io/commons-io/2.5/commons-io-2.5.jar:/Users/ashishsharma/.m2/repository/net/lingala/zip4j/zip4j/1.3.2/zip4j-1.3.2.jar:/Users/ashishsharma/.m2/repository/org/codehaus/plexus/plexus-utils/3.0.24/plexus-utils-3.0.24.jar:/Users/ashishsharma/.m2/repository/org/jsoup/jsoup/1.10.1/jsoup-1.10.1.jar:/Users/ashishsharma/.m2/repository/com/googlecode/owasp-java-html-sanitizer/owasp-java-html-sanitizer/20160924.1/owasp-java-html-sanitizer-20160924.1.jar:/Users/ashishsharma/.m2/repository/com/google/guava/guava/20.0/guava-20.0.jar:"/>
    <property name="java.vm.vendor" value="Oracle Corporation"/>
    <property name="sun.arch.data.model" value="64"/>
    <property name="karate.env" value="e2e"/>
    <property name="java.vendor.url" value="http://java.oracle.com/"/>
    <property name="user.timezone" value=""/>
    <property name="java.vm.specification.version" value="1.8"/>
    <property name="os.name" value="Mac OS X"/>
    <property name="user.country" value="JP"/>
    <property name="sun.java.launcher" value="SUN_STANDARD"/>
    <property name="sun.boot.library.path" value="/Library/Java/JavaVirtualMachines/jdk1.8.0_212.jdk/Contents/Home/jre/lib"/>
    <property name="sun.java.command" value="/Users/ashishsharma/myTest/target/surefire/surefirebooter2098417186874704762.jar /Users/ashishsharma/myTest/target/surefire 2019-07-26T11-38-03_357-jvmRun1 surefire4838803265839425840tmp surefire_07111922471793058875tmp"/>
    <property name="http.nonProxyHosts" value="local|*.local|169.254/16|*.169.254/16"/>
    <property name="test" value="DataSubjectRunner"/>
    <property name="surefire.test.class.path" value="/Users/ashishsharma/myTest/target/test-classes:/Users/ashishsharma/myTest/target/classes:/Users/ashishsharma/.m2/repository/com/intuit/karate/karate-apache/0.9.4/karate-apache-0.9.4.jar:/Users/ashishsharma/.m2/repository/com/intuit/karate/karate-core/0.9.4/karate-core-0.9.4.jar:/Users/ashishsharma/.m2/repository/com/jayway/jsonpath/json-path/2.1.0/json-path-2.1.0.jar:/Users/ashishsharma/.m2/repository/net/minidev/json-smart/2.2/json-smart-2.2.jar:/Users/ashishsharma/.m2/repository/net/minidev/accessors-smart/1.1/accessors-smart-1.1.jar:/Users/ashishsharma/.m2/repository/org/ow2/asm/asm/5.0.3/asm-5.0.3.jar:/Users/ashishsharma/.m2/repository/info/cukes/cucumber-java/1.2.5/cucumber-java-1.2.5.jar:/Users/ashishsharma/.m2/repository/info/cukes/cucumber-core/1.2.5/cucumber-core-1.2.5.jar:/Users/ashishsharma/.m2/repository/org/yaml/snakeyaml/1.24/snakeyaml-1.24.jar:/Users/ashishsharma/.m2/repository/de/siegmar/fastcsv/1.0.3/fastcsv-1.0.3.jar:/Users/ashishsharma/.m2/repository/info/picocli/picocli/3.0.1/picocli-3.0.1.jar:/Users/ashishsharma/.m2/repository/org/apache/httpcomponents/httpclient/4.5.5/httpclient-4.5.5.jar:/Users/ashishsharma/.m2/repository/org/apache/httpcomponents/httpcore/4.4.9/httpcore-4.4.9.jar:/Users/ashishsharma/.m2/repository/commons-codec/commons-codec/1.10/commons-codec-1.10.jar:/Users/ashishsharma/.m2/repository/org/apache/httpcomponents/httpmime/4.5.5/httpmime-4.5.5.jar:/Users/ashishsharma/.m2/repository/org/slf4j/jcl-over-slf4j/1.7.25/jcl-over-slf4j-1.7.25.jar:/Users/ashishsharma/.m2/repository/org/slf4j/slf4j-api/1.7.25/slf4j-api-1.7.25.jar:/Users/ashishsharma/.m2/repository/ch/qos/logback/logback-classic/1.2.3/logback-classic-1.2.3.jar:/Users/ashishsharma/.m2/repository/ch/qos/logback/logback-core/1.2.3/logback-core-1.2.3.jar:/Users/ashishsharma/.m2/repository/com/intuit/karate/karate-junit5/0.9.4/karate-junit5-0.9.4.jar:/Users/ashishsharma/.m2/repository/org/junit/jupiter/junit-jupiter-api/5.4.0/junit-jupiter-api-5.4.0.jar:/Users/ashishsharma/.m2/repository/org/opentest4j/opentest4j/1.1.1/opentest4j-1.1.1.jar:/Users/ashishsharma/.m2/repository/org/junit/platform/junit-platform-commons/1.4.0/junit-platform-commons-1.4.0.jar:/Users/ashishsharma/.m2/repository/org/junit/jupiter/junit-jupiter-engine/5.4.0/junit-jupiter-engine-5.4.0.jar:/Users/ashishsharma/.m2/repository/org/apiguardian/apiguardian-api/1.0.0/apiguardian-api-1.0.0.jar:/Users/ashishsharma/.m2/repository/org/junit/platform/junit-platform-engine/1.4.0/junit-platform-engine-1.4.0.jar:/Users/ashishsharma/.m2/repository/net/masterthought/cucumber-reporting/3.8.0/cucumber-reporting-3.8.0.jar:/Users/ashishsharma/.m2/repository/org/apache/logging/log4j/log4j-api/2.6/log4j-api-2.6.jar:/Users/ashishsharma/.m2/repository/org/apache/logging/log4j/log4j-core/2.6/log4j-core-2.6.jar:/Users/ashishsharma/.m2/repository/com/fasterxml/jackson/core/jackson-databind/2.8.5/jackson-databind-2.8.5.jar:/Users/ashishsharma/.m2/repository/com/fasterxml/jackson/core/jackson-annotations/2.8.0/jackson-annotations-2.8.0.jar:/Users/ashishsharma/.m2/repository/com/fasterxml/jackson/core/jackson-core/2.8.5/jackson-core-2.8.5.jar:/Users/ashishsharma/.m2/repository/org/apache/velocity/velocity/1.7/velocity-1.7.jar:/Users/ashishsharma/.m2/repository/commons-collections/commons-collections/3.2.1/commons-collections-3.2.1.jar:/Users/ashishsharma/.m2/repository/commons-lang/commons-lang/2.4/commons-lang-2.4.jar:/Users/ashishsharma/.m2/repository/velocity-tools/velocity-tools/1.4/velocity-tools-1.4.jar:/Users/ashishsharma/.m2/repository/joda-time/joda-time/2.9.6/joda-time-2.9.6.jar:/Users/ashishsharma/.m2/repository/org/apache/commons/commons-lang3/3.5/commons-lang3-3.5.jar:/Users/ashishsharma/.m2/repository/commons-io/commons-io/2.5/commons-io-2.5.jar:/Users/ashishsharma/.m2/repository/net/lingala/zip4j/zip4j/1.3.2/zip4j-1.3.2.jar:/Users/ashishsharma/.m2/repository/org/codehaus/plexus/plexus-utils/3.0.24/plexus-utils-3.0.24.jar:/Users/ashishsharma/.m2/repository/org/jsoup/jsoup/1.10.1/jsoup-1.10.1.jar:/Users/ashishsharma/.m2/repository/com/googlecode/owasp-java-html-sanitizer/owasp-java-html-sanitizer/20160924.1/owasp-java-html-sanitizer-20160924.1.jar:/Users/ashishsharma/.m2/repository/com/google/guava/guava/20.0/guava-20.0.jar:"/>
    <property name="sun.cpu.endian" value="little"/>
    <property name="user.home" value="/Users/ashishsharma"/>
    <property name="user.language" value="en"/>
    <property name="java.specification.vendor" value="Oracle Corporation"/>
    <property name="java.home" value="/Library/Java/JavaVirtualMachines/jdk1.8.0_212.jdk/Contents/Home/jre"/>
    <property name="basedir" value="/Users/ashishsharma/myTest"/>
    <property name="file.separator" value="/"/>
    <property name="line.separator" value="&#10;"/>
    <property name="java.vm.specification.vendor" value="Oracle Corporation"/>
    <property name="java.specification.name" value="Java Platform API Specification"/>
    <property name="java.awt.graphicsenv" value="sun.awt.CGraphicsEnvironment"/>
    <property name="surefire.real.class.path" value="/Users/ashishsharma/myTest/target/surefire/surefirebooter2098417186874704762.jar"/>
    <property name="sun.boot.class.path" value="/Library/Java/JavaVirtualMachines/jdk1.8.0_212.jdk/Contents/Home/jre/lib/resources.jar:/Library/Java/JavaVirtualMachines/jdk1.8.0_212.jdk/Contents/Home/jre/lib/rt.jar:/Library/Java/JavaVirtualMachines/jdk1.8.0_212.jdk/Contents/Home/jre/lib/sunrsasign.jar:/Library/Java/JavaVirtualMachines/jdk1.8.0_212.jdk/Contents/Home/jre/lib/jsse.jar:/Library/Java/JavaVirtualMachines/jdk1.8.0_212.jdk/Contents/Home/jre/lib/jce.jar:/Library/Java/JavaVirtualMachines/jdk1.8.0_212.jdk/Contents/Home/jre/lib/charsets.jar:/Library/Java/JavaVirtualMachines/jdk1.8.0_212.jdk/Contents/Home/jre/lib/jfr.jar:/Library/Java/JavaVirtualMachines/jdk1.8.0_212.jdk/Contents/Home/jre/classes"/>
    <property name="sun.management.compiler" value="HotSpot 64-Bit Tiered Compilers"/>
    <property name="ftp.nonProxyHosts" value="local|*.local|169.254/16|*.169.254/16"/>
    <property name="java.runtime.version" value="1.8.0_212-b10"/>
    <property name="user.name" value="ashishsharma"/>
    <property name="path.separator" value=":"/>
    <property name="os.version" value="10.14.5"/>
    <property name="java.endorsed.dirs" value="/Library/Java/JavaVirtualMachines/jdk1.8.0_212.jdk/Contents/Home/jre/lib/endorsed"/>
    <property name="java.runtime.name" value="Java(TM) SE Runtime Environment"/>
    <property name="file.encoding" value="UTF-8"/>
    <property name="java.vm.name" value="Java HotSpot(TM) 64-Bit Server VM"/>
    <property name="localRepository" value="/Users/ashishsharma/.m2/repository"/>
    <property name="java.vendor.url.bug" value="http://bugreport.sun.com/bugreport/"/>
    <property name="java.io.tmpdir" value="/var/folders/7g/b2wmzdjj44d7kxjl8x91ypwc0000gn/T/"/>
    <property name="java.version" value="1.8.0_212"/>
    <property name="user.dir" value="/Users/ashishsharma/myTest"/>
    <property name="os.arch" value="x86_64"/>
    <property name="java.vm.specification.name" value="Java Virtual Machine Specification"/>
    <property name="java.awt.printerjob" value="sun.lwawt.macosx.CPrinterJob"/>
    <property name="sun.os.patch.level" value="unknown"/>
    <property name="java.library.path" value="/Users/ashishsharma/Library/Java/Extensions:/Library/Java/Extensions:/Network/Library/Java/Extensions:/System/Library/Java/Extensions:/usr/lib/java:."/>
    <property name="java.vm.info" value="mixed mode"/>
    <property name="java.vendor" value="Oracle Corporation"/>
    <property name="java.vm.version" value="25.212-b10"/>
    <property name="java.ext.dirs" value="/Users/ashishsharma/Library/Java/Extensions:/Library/Java/JavaVirtualMachines/jdk1.8.0_212.jdk/Contents/Home/jre/lib/ext:/Library/Java/Extensions:/Network/Library/Java/Extensions:/System/Library/Java/Extensions:/usr/lib/java"/>
    <property name="sun.io.unicode.encoding" value="UnicodeBig"/>
    <property name="java.class.version" value="52.0"/>
    <property name="socksNonProxyHosts" value="local|*.local|169.254/16|*.169.254/16"/>
    <property name="argLine" value="-Dkarate.env=e2e"/>
  </properties>
  <testcase name="testUsers[1][1]" classname="examples.dataSubject.DataSubjectRunner" time="0.68">
    <failure message="dataSubject.feature:11 - status code was: 422, expected: 201, response time: 79, url: http://13.78.33.186:8080/v1/datasubject/accounts, response: {&quot;name&quot;:&quot;Object already exist&quot;,&quot;message&quot;:&quot;The object DataSubjectAccount with the identifiers (57) already exist&quot;,&quot;debug_id&quot;:&quot;607a7712-ece9-493e-a1d1-d6ca043a9a4a&quot;}" type="org.opentest4j.AssertionFailedError">org.opentest4j.AssertionFailedError: dataSubject.feature:11 - status code was: 422, expected: 201, response time: 79, url: http://13.78.33.186:8080/v1/datasubject/accounts, response: {"name":"Object already exist","message":"The object DataSubjectAccount with the identifiers (57) already exist","debug_id":"607a7712-ece9-493e-a1d1-d6ca043a9a4a"}
</failure>
    <system-out><![CDATA[11:38:04.903 [main] INFO  com.intuit.karate - karate.env system property was: e2e 
11:38:05.320 [main] DEBUG com.intuit.karate - request:
1 > POST http://13.78.33.186:8080/v1/datasubject/accounts
1 > Accept-Encoding: gzip,deflate
1 > Connection: Keep-Alive
1 > Content-Length: 138
1 > Content-Type: application/json; charset=UTF-8
1 > Host: 13.78.33.186:8080
1 > User-Agent: Apache-HttpClient/4.5.5 (Java/1.8.0_212)
{"account_id":57,"first_name":"mfn","middle_name":"doe","last_name":"jr","email":"aed@xyz.com","phone_number":"12331","password":"abcdef"}

11:38:05.401 [main] DEBUG com.intuit.karate - response time in milliseconds: 79.49
1 < 422
1 < Cache-Control: no-cache, no-store, max-age=0, must-revalidate
1 < Content-Type: application/json;charset=UTF-8
1 < Date: Fri, 26 Jul 2019 02:38:06 GMT
1 < Expires: 0
1 < Pragma: no-cache
1 < Set-Cookie: JSESSIONID=1DBCEE647F57E89BD4943A0A60F3A8D7; Path=/v1; HttpOnly
1 < Transfer-Encoding: chunked
1 < X-Content-Type-Options: nosniff
1 < X-Frame-Options: DENY
1 < X-XSS-Protection: 1; mode=block
{"name":"Object already exist","message":"The object DataSubjectAccount with the identifiers (57) already exist","debug_id":"607a7712-ece9-493e-a1d1-d6ca043a9a4a"}

11:38:05.404 [main] ERROR com.intuit.karate - status code was: 422, expected: 201, response time: 79, url: http://13.78.33.186:8080/v1/datasubject/accounts, response: {"name":"Object already exist","message":"The object DataSubjectAccount with the identifiers (57) already exist","debug_id":"607a7712-ece9-493e-a1d1-d6ca043a9a4a"}
]]></system-out>
  </testcase>
  <testcase name="testUsers[1][2]" classname="examples.dataSubject.DataSubjectRunner" time="0.223"/>
  <testcase name="testUsers[1][3]" classname="examples.dataSubject.DataSubjectRunner" time="0.042"/>
  <testcase name="testUsers[1][4]" classname="examples.dataSubject.DataSubjectRunner" time="0.057"/>
  <testcase name="testUsers[1][5]" classname="examples.dataSubject.DataSubjectRunner" time="0.337"/>
</testsuite>